[13-Dec-2017 17:29:28 America/Bogota] PHP Notice:  Undefined index: action in C:\Users\juanc_000\Google Drive\TrabajoUnivalle\sistemas\index.php on line 413
[13-Dec-2017 17:29:28 America/Bogota] PHP Notice:  Undefined index: action in C:\Users\juanc_000\Google Drive\TrabajoUnivalle\sistemas\index.php on line 415
[13-Dec-2017 17:29:28 America/Bogota] PHP Notice:  Undefined index: action in C:\Users\juanc_000\Google Drive\TrabajoUnivalle\sistemas\index.php on line 417
[13-Dec-2017 17:29:28 America/Bogota] PHP Notice:  Undefined index: action in C:\Users\juanc_000\Google Drive\TrabajoUnivalle\sistemas\index.php on line 419
[13-Dec-2017 17:29:28 America/Bogota] PHP Notice:  Undefined index: action in C:\Users\juanc_000\Google Drive\TrabajoUnivalle\sistemas\index.php on line 421
[13-Dec-2017 17:29:28 America/Bogota] PHP Notice:  Undefined index: action in C:\Users\juanc_000\Google Drive\TrabajoUnivalle\sistemas\index.php on line 423
[13-Dec-2017 17:29:28 America/Bogota] PHP Notice:  Undefined index: action in C:\Users\juanc_000\Google Drive\TrabajoUnivalle\sistemas\index.php on line 425
[22-Jan-2018 11:10:42 America/Bogota] PHP Notice:  Undefined index: action in /var/www/html/sistemas/index.php on line 414
[22-Jan-2018 11:10:42 America/Bogota] PHP Notice:  Undefined index: action in /var/www/html/sistemas/index.php on line 416
[22-Jan-2018 11:10:42 America/Bogota] PHP Notice:  Undefined index: action in /var/www/html/sistemas/index.php on line 418
[22-Jan-2018 11:10:42 America/Bogota] PHP Notice:  Undefined index: action in /var/www/html/sistemas/index.php on line 420
[22-Jan-2018 11:10:42 America/Bogota] PHP Notice:  Undefined index: action in /var/www/html/sistemas/index.php on line 422
[22-Jan-2018 11:10:42 America/Bogota] PHP Notice:  Undefined index: action in /var/www/html/sistemas/index.php on line 424
[22-Jan-2018 11:10:42 America/Bogota] PHP Notice:  Undefined index: action in /var/www/html/sistemas/index.php on line 426
[22-Jan-2018 11:47:11 America/Bogota] PHP Notice:  Undefined index: action in /var/www/html/sistemas/index.php on line 414
[22-Jan-2018 11:47:11 America/Bogota] PHP Notice:  Undefined index: action in /var/www/html/sistemas/index.php on line 416
[22-Jan-2018 11:47:11 America/Bogota] PHP Notice:  Undefined index: action in /var/www/html/sistemas/index.php on line 418
[22-Jan-2018 11:47:11 America/Bogota] PHP Notice:  Undefined index: action in /var/www/html/sistemas/index.php on line 420
[22-Jan-2018 11:47:11 America/Bogota] PHP Notice:  Undefined index: action in /var/www/html/sistemas/index.php on line 422
[22-Jan-2018 11:47:11 America/Bogota] PHP Notice:  Undefined index: action in /var/www/html/sistemas/index.php on line 424
[22-Jan-2018 11:47:11 America/Bogota] PHP Notice:  Undefined index: action in /var/www/html/sistemas/index.php on line 426
[22-Jan-2018 12:04:46 America/Bogota] PHP Notice:  Undefined index: action in /var/www/html/sistemas/index.php on line 414
[22-Jan-2018 12:04:46 America/Bogota] PHP Notice:  Undefined index: action in /var/www/html/sistemas/index.php on line 416
[22-Jan-2018 12:04:46 America/Bogota] PHP Notice:  Undefined index: action in /var/www/html/sistemas/index.php on line 418
[22-Jan-2018 12:04:46 America/Bogota] PHP Notice:  Undefined index: action in /var/www/html/sistemas/index.php on line 420
[22-Jan-2018 12:04:46 America/Bogota] PHP Notice:  Undefined index: action in /var/www/html/sistemas/index.php on line 422
[22-Jan-2018 12:04:46 America/Bogota] PHP Notice:  Undefined index: action in /var/www/html/sistemas/index.php on line 424
[22-Jan-2018 12:04:46 America/Bogota] PHP Notice:  Undefined index: action in /var/www/html/sistemas/index.php on line 426
[25-Jan-2018 08:12:58 America/Bogota] PHP Warning:  session_destroy(): Trying to destroy uninitialized session in /var/www/html/sistemas/modelo/modelo_usuario/controlador_usuario.php on line 184
[25-Jan-2018 08:13:02 America/Bogota] PHP Notice:  Undefined index: action in /var/www/html/sistemas/index.php on line 414
[25-Jan-2018 08:13:02 America/Bogota] PHP Notice:  Undefined index: action in /var/www/html/sistemas/index.php on line 416
[25-Jan-2018 08:13:02 America/Bogota] PHP Notice:  Undefined index: action in /var/www/html/sistemas/index.php on line 418
[25-Jan-2018 08:13:02 America/Bogota] PHP Notice:  Undefined index: action in /var/www/html/sistemas/index.php on line 420
[25-Jan-2018 08:13:02 America/Bogota] PHP Notice:  Undefined index: action in /var/www/html/sistemas/index.php on line 422
[25-Jan-2018 08:13:02 America/Bogota] PHP Notice:  Undefined index: action in /var/www/html/sistemas/index.php on line 424
[25-Jan-2018 08:13:02 America/Bogota] PHP Notice:  Undefined index: action in /var/www/html/sistemas/index.php on line 426
[25-Jan-2018 09:00:51 America/Bogota] PHP Warning:  session_destroy(): Trying to destroy uninitialized session in /var/www/html/sistemas/modelo/modelo_usuario/controlador_usuario.php on line 184
[26-Jan-2018 08:43:47 America/Bogota] PHP Warning:  session_destroy(): Trying to destroy uninitialized session in /var/www/html/sistemas/modelo/modelo_usuario/controlador_usuario.php on line 184
[26-Jan-2018 16:17:17 America/Bogota] PHP Notice:  Undefined index: entregado in /var/www/html/sistemas/modelo/modelo_modificacion/controlador_modificacion.php on line 434
[26-Jan-2018 16:20:02 America/Bogota] PHP Notice:  Undefined index: entregado in /var/www/html/sistemas/modelo/modelo_modificacion/controlador_modificacion.php on line 434
[26-Jan-2018 16:22:44 America/Bogota] PHP Notice:  Undefined index: entregado in /var/www/html/sistemas/modelo/modelo_modificacion/controlador_modificacion.php on line 434
[26-Jan-2018 16:27:27 America/Bogota] PHP Warning:  session_destroy(): Trying to destroy uninitialized session in /var/www/html/sistemas/modelo/modelo_usuario/controlador_usuario.php on line 184
[26-Jan-2018 16:33:15 America/Bogota] PHP Notice:  Undefined index: entregado in /var/www/html/sistemas/modelo/modelo_modificacion/controlador_modificacion.php on line 434
[26-Jan-2018 16:55:19 America/Bogota] PHP Notice:  Undefined index: entregado in /var/www/html/sistemas/modelo/modelo_modificacion/controlador_modificacion.php on line 434
[26-Jan-2018 17:20:47 America/Bogota] PHP Warning:  session_destroy(): Trying to destroy uninitialized session in /var/www/html/sistemas/modelo/modelo_usuario/controlador_usuario.php on line 184
[29-Jan-2018 09:40:45 America/Bogota] PHP Warning:  session_destroy(): Trying to destroy uninitialized session in /var/www/html/sistemas/modelo/modelo_usuario/controlador_usuario.php on line 184
[29-Jan-2018 09:41:21 America/Bogota] PHP Notice:  Undefined index: entregado in /var/www/html/sistemas/modelo/modelo_modificacion/controlador_modificacion.php on line 434
[29-Jan-2018 10:01:43 America/Bogota] PHP Warning:  session_destroy(): Trying to destroy uninitialized session in /var/www/html/sistemas/modelo/modelo_usuario/controlador_usuario.php on line 184
[29-Jan-2018 10:04:15 America/Bogota] PHP Notice:  Undefined offset: 0 in /var/www/html/sistemas/modelo/modelo_usuario/modelo_usuario.php on line 53
[29-Jan-2018 10:04:47 America/Bogota] PHP Notice:  Undefined offset: 0 in /var/www/html/sistemas/modelo/modelo_usuario/modelo_usuario.php on line 53
[29-Jan-2018 10:41:02 America/Bogota] PHP Notice:  Undefined index: entregado in /var/www/html/sistemas/modelo/modelo_modificacion/controlador_modificacion.php on line 434
[29-Jan-2018 15:02:33 America/Bogota] PHP Notice:  Undefined index: action in /var/www/html/sistemas/index.php on line 414
[29-Jan-2018 15:02:33 America/Bogota] PHP Notice:  Undefined index: action in /var/www/html/sistemas/index.php on line 416
[29-Jan-2018 15:02:33 America/Bogota] PHP Notice:  Undefined index: action in /var/www/html/sistemas/index.php on line 418
[29-Jan-2018 15:02:33 America/Bogota] PHP Notice:  Undefined index: action in /var/www/html/sistemas/index.php on line 420
[29-Jan-2018 15:02:33 America/Bogota] PHP Notice:  Undefined index: action in /var/www/html/sistemas/index.php on line 422
[29-Jan-2018 15:02:33 America/Bogota] PHP Notice:  Undefined index: action in /var/www/html/sistemas/index.php on line 424
[29-Jan-2018 15:02:33 America/Bogota] PHP Notice:  Undefined index: action in /var/www/html/sistemas/index.php on line 426
[29-Jan-2018 15:35:40 America/Bogota] PHP Notice:  Undefined index: entregado in /var/www/html/sistemas/modelo/modelo_modificacion/controlador_modificacion.php on line 434
[29-Jan-2018 15:37:58 America/Bogota] PHP Notice:  Undefined index: entregado in /var/www/html/sistemas/modelo/modelo_modificacion/controlador_modificacion.php on line 434
[29-Jan-2018 15:38:15 America/Bogota] PHP Notice:  Undefined index: entregado in /var/www/html/sistemas/modelo/modelo_modificacion/controlador_modificacion.php on line 434
[29-Jan-2018 15:38:51 America/Bogota] PHP Notice:  Undefined index: entregado in /var/www/html/sistemas/modelo/modelo_modificacion/controlador_modificacion.php on line 434
[29-Jan-2018 15:39:38 America/Bogota] PHP Notice:  Undefined index: entregado in /var/www/html/sistemas/modelo/modelo_modificacion/controlador_modificacion.php on line 434
